Flow report for soc_system
Tue Dec 11 12:44:47 2018
Quartus Prime Version 16.1.2 Build 203 01/18/2017 SJ Lite Edition


---------------------
; Table of Contents ;
---------------------
  1. Legal Notice
  2. Flow Summary
  3. Flow Settings
  4. Flow Non-Default Global Settings
  5. Flow Elapsed Time
  6. Flow OS Summary
  7. Flow Log
  8. Flow Messages
  9. Flow Suppressed Messages



----------------
; Legal Notice ;
----------------
Copyright (C) 2017  Intel Corporation. All rights reserved.
Your use of Intel Corporation's design tools, logic functions 
and other software and tools, and its AMPP partner logic 
functions, and any output files from any of the foregoing 
(including device programming or simulation files), and any 
associated documentation or information are expressly subject 
to the terms and conditions of the Intel Program License 
Subscription Agreement, the Intel Quartus Prime License Agreement,
the Intel MegaCore Function License Agreement, or other 
applicable license agreement, including, without limitation, 
that your use is for the sole purpose of programming logic 
devices manufactured by Intel and sold by Intel or its 
authorized distributors.  Please refer to the applicable 
agreement for further details.



+-------------------------------------------------------------------------------+
; Flow Summary                                                                  ;
+---------------------------------+---------------------------------------------+
; Flow Status                     ; Successful - Tue Dec 11 12:43:28 2018       ;
; Quartus Prime Version           ; 16.1.2 Build 203 01/18/2017 SJ Lite Edition ;
; Revision Name                   ; soc_system                                  ;
; Top-level Entity Name           ; ghrd_top                                    ;
; Family                          ; Cyclone V                                   ;
; Device                          ; 5CSEMA5F31C6                                ;
; Timing Models                   ; Final                                       ;
; Logic utilization (in ALMs)     ; 1,066 / 32,070 ( 3 % )                      ;
; Total registers                 ; 1515                                        ;
; Total pins                      ; 368 / 457 ( 81 % )                          ;
; Total virtual pins              ; 0                                           ;
; Total block memory bits         ; 2,457,600 / 4,065,280 ( 60 % )              ;
; Total DSP Blocks                ; 0 / 87 ( 0 % )                              ;
; Total HSSI RX PCSs              ; 0                                           ;
; Total HSSI PMA RX Deserializers ; 0                                           ;
; Total HSSI TX PCSs              ; 0                                           ;
; Total HSSI PMA TX Serializers   ; 0                                           ;
; Total PLLs                      ; 1 / 6 ( 17 % )                              ;
; Total DLLs                      ; 1 / 4 ( 25 % )                              ;
+---------------------------------+---------------------------------------------+


+-----------------------------------------+
; Flow Settings                           ;
+-------------------+---------------------+
; Option            ; Setting             ;
+-------------------+---------------------+
; Start date & time ; 12/11/2018 12:34:58 ;
; Main task         ; Compilation         ;
; Revision Name     ; soc_system          ;
+-------------------+---------------------+


+---------------------------------------------------------------------------------------------------------------------------+
; Flow Non-Default Global Settings                                                                                          ;
+---------------------------------------+----------------------------------------+---------------+-------------+------------+
; Assignment Name                       ; Value                                  ; Default Value ; Entity Name ; Section Id ;
+---------------------------------------+----------------------------------------+---------------+-------------+------------+
; COMPILER_SIGNATURE_ID                 ; 57185457343774.154455689305348         ; --            ; --          ; --         ;
; ECO_REGENERATE_REPORT                 ; On                                     ; Off           ; --          ; --         ;
; MAX_CORE_JUNCTION_TEMP                ; 85                                     ; --            ; --          ; --         ;
; MIN_CORE_JUNCTION_TEMP                ; 0                                      ; --            ; --          ; --         ;
; MISC_FILE                             ; VGA_PLL.cmp                            ; --            ; --          ; --         ;
; MISC_FILE                             ; VGA_PLL_sim/VGA_PLL.vo                 ; --            ; --          ; --         ;
; PARTITION_COLOR                       ; -- (Not supported for targeted family) ; --            ; ghrd_top    ; Top        ;
; PARTITION_FITTER_PRESERVATION_LEVEL   ; -- (Not supported for targeted family) ; --            ; ghrd_top    ; Top        ;
; PARTITION_NETLIST_TYPE                ; -- (Not supported for targeted family) ; --            ; ghrd_top    ; Top        ;
; POWER_BOARD_THERMAL_MODEL             ; None (CONSERVATIVE)                    ; --            ; --          ; --         ;
; POWER_PRESET_COOLING_SOLUTION         ; 23 MM HEAT SINK WITH 200 LFPM AIRFLOW  ; --            ; --          ; --         ;
; SPD_FILE                              ; VGA_PLL.spd                            ; --            ; --          ; --         ;
; SYNTHESIS_ONLY_QIP                    ; On                                     ; --            ; --          ; --         ;
; TOP_LEVEL_ENTITY                      ; ghrd_top                               ; soc_system    ; --          ; --         ;
; USE_DLL_FREQUENCY_FOR_DQS_DELAY_CHAIN ; On                                     ; Off           ; --          ; --         ;
+---------------------------------------+----------------------------------------+---------------+-------------+------------+


+-------------------------------------------------------------------------------------------------------------------------------+
; Flow Elapsed Time                                                                                                             ;
+---------------------------+--------------+-------------------------+---------------------+------------------------------------+
; Module Name               ; Elapsed Time ; Average Processors Used ; Peak Virtual Memory ; Total CPU Time (on all processors) ;
+---------------------------+--------------+-------------------------+---------------------+------------------------------------+
; Analysis & Synthesis      ; 00:02:37     ; 1.0                     ; 5112 MB             ; 00:05:01                           ;
; Fitter                    ; 00:05:23     ; 1.1                     ; 7131 MB             ; 00:09:25                           ;
; Assembler                 ; 00:00:20     ; 1.0                     ; 4947 MB             ; 00:00:20                           ;
; TimeQuest Timing Analyzer ; 00:01:16     ; 1.2                     ; 5701 MB             ; 00:01:30                           ;
; Total                     ; 00:09:36     ; --                      ; --                  ; 00:16:16                           ;
+---------------------------+--------------+-------------------------+---------------------+------------------------------------+


+-----------------------------------------------------------------------------------------+
; Flow OS Summary                                                                         ;
+---------------------------+------------------+------------+------------+----------------+
; Module Name               ; Machine Hostname ; OS Name    ; OS Version ; Processor type ;
+---------------------------+------------------+------------+------------+----------------+
; Analysis & Synthesis      ; sanjuprakash     ; Windows 10 ; 10.0       ; x86_64         ;
; Fitter                    ; sanjuprakash     ; Windows 10 ; 10.0       ; x86_64         ;
; Assembler                 ; sanjuprakash     ; Windows 10 ; 10.0       ; x86_64         ;
; TimeQuest Timing Analyzer ; sanjuprakash     ; Windows 10 ; 10.0       ; x86_64         ;
+---------------------------+------------------+------------+------------+----------------+


------------
; Flow Log ;
------------
quartus_map --read_settings_files=on --write_settings_files=off soc_system -c soc_system
quartus_fit --read_settings_files=off --write_settings_files=off soc_system -c soc_system
quartus_asm --read_settings_files=off --write_settings_files=off soc_system -c soc_system
quartus_sta soc_system -c soc_system



